[    30.698] (--) Log file renamed from "/home/azhari/.local/share/xorg/Xorg.pid-1223.log" to "/home/azhari/.local/share/xorg/Xorg.0.log"
[    30.699] 
X.Org X Server 1.20.9
X Protocol Version 11, Revision 0
[    30.699] Build Operating System: Linux 4.15.0-130-generic x86_64 Ubuntu
[    30.699] Current Operating System: Linux azhari-VirtualBox 5.13.0-35-generic #40~20.04.1-Ubuntu SMP Mon Mar 7 09:18:32 UTC 2022 x86_64
[    30.699] Kernel command line: BOOT_IMAGE=/boot/vmlinuz-5.13.0-35-generic root=UUID=ca3b51c8-1238-478d-86a3-d7177e025051 ro quiet splash
[    30.699] Build Date: 17 January 2021  09:13:31AM
[    30.700] xorg-server 2:1.20.9-2ubuntu1.2~20.04.1 (For technical support please see http://www.ubuntu.com/support) 
[    30.700] Current version of pixman: 0.38.4
[    30.700] 	Before reporting problems, check http://wiki.x.org
	to make sure that you have the latest version.
[    30.700] Markers: (--) probed, (**) from config file, (==) default setting,
	(++) from command line, (!!) notice, (II) informational,
	(WW) warning, (EE) error, (NI) not implemented, (??) unknown.
[    30.701] (==) Log file: "/home/azhari/.local/share/xorg/Xorg.0.log", Time: Mon Mar 14 09:09:48 2022
[    30.703] (==) Using system config directory "/usr/share/X11/xorg.conf.d"
[    30.706] (==) No Layout section.  Using the first Screen section.
[    30.706] (==) No screen section available. Using defaults.
[    30.706] (**) |-->Screen "Default Screen Section" (0)
[    30.706] (**) |   |-->Monitor "<default monitor>"
[    30.708] (==) No monitor specified for screen "Default Screen Section".
	Using a default monitor configuration.
[    30.708] (==) Automatically adding devices
[    30.708] (==) Automatically enabling devices
[    30.708] (==) Automatically adding GPU devices
[    30.709] (==) Automatically binding GPU devices
[    30.709] (==) Max clients allowed: 256, resource mask: 0x1fffff
[    30.709] (WW) The directory "/usr/share/fonts/X11/cyrillic" does not exist.
[    30.709] 	Entry deleted from font path.
[    30.709] (WW) The directory "/usr/share/fonts/X11/100dpi/" does not exist.
[    30.709] 	Entry deleted from font path.
[    30.709] (WW) The directory "/usr/share/fonts/X11/75dpi/" does not exist.
[    30.709] 	Entry deleted from font path.
[    30.709] (WW) The directory "/usr/share/fonts/X11/100dpi" does not exist.
[    30.710] 	Entry deleted from font path.
[    30.710] (WW) The directory "/usr/share/fonts/X11/75dpi" does not exist.
[    30.710] 	Entry deleted from font path.
[    30.710] (==) FontPath set to:
	/usr/share/fonts/X11/misc,
	/usr/share/fonts/X11/Type1,
	built-ins
[    30.710] (==) ModulePath set to "/usr/lib/xorg/modules"
[    30.710] (II) The server relies on udev to provide the list of input devices.
	If no devices become available, reconfigure udev or disable AutoAddDevices.
[    30.710] (II) Loader magic: 0x5626052d6020
[    30.711] (II) Module ABI versions:
[    30.711] 	X.Org ANSI C Emulation: 0.4
[    30.711] 	X.Org Video Driver: 24.1
[    30.711] 	X.Org XInput driver : 24.1
[    30.711] 	X.Org Server Extension : 10.0
[    30.713] (++) using VT number 2

[    30.720] (II) systemd-logind: took control of session /org/freedesktop/login1/session/_32
[    30.724] (II) xfree86: Adding drm device (/dev/dri/card0)
[    30.727] (II) systemd-logind: got fd for /dev/dri/card0 226:0 fd 12 paused 0
[    30.740] (--) PCI:*(0@0:2:0) 15ad:0405:15ad:0405 rev 0, Mem @ 0xe0000000/16777216, 0xf0000000/2097152, I/O @ 0x0000d010/16, BIOS @ 0x????????/131072
[    30.747] (II) LoadModule: "glx"
[    30.751] (II) Loading /usr/lib/xorg/modules/extensions/libglx.so
[    30.755] (II) Module glx: vendor="X.Org Foundation"
[    30.756] 	compiled for 1.20.9, module version = 1.0.0
[    30.756] 	ABI class: X.Org Server Extension, version 10.0
[    30.756] (==) Matched vmware as autoconfigured driver 0
[    30.756] (==) Matched modesetting as autoconfigured driver 1
[    30.756] (==) Matched fbdev as autoconfigured driver 2
[    30.756] (==) Matched vesa as autoconfigured driver 3
[    30.756] (==) Assigned the driver to the xf86ConfigLayout
[    30.756] (II) LoadModule: "vmware"
[    30.756] (II) Loading /usr/lib/xorg/modules/drivers/vmware_drv.so
[    30.907] (II) Module vmware: vendor="X.Org Foundation"
[    30.907] 	compiled for 1.20.8, module version = 13.3.0
[    30.907] 	Module class: X.Org Video Driver
[    30.907] 	ABI class: X.Org Video Driver, version 24.1
[    30.907] (II) LoadModule: "modesetting"
[    30.908] (II) Loading /usr/lib/xorg/modules/drivers/modesetting_drv.so
[    30.909] (II) Module modesetting: vendor="X.Org Foundation"
[    30.909] 	compiled for 1.20.9, module version = 1.20.9
[    30.910] 	Module class: X.Org Video Driver
[    30.910] 	ABI class: X.Org Video Driver, version 24.1
[    30.910] (II) LoadModule: "fbdev"
[    30.910] (II) Loading /usr/lib/xorg/modules/drivers/fbdev_drv.so
[    30.913] (II) Module fbdev: vendor="X.Org Foundation"
[    30.913] 	compiled for 1.20.1, module version = 0.5.0
[    30.913] 	Module class: X.Org Video Driver
[    30.913] 	ABI class: X.Org Video Driver, version 24.0
[    30.914] (II) LoadModule: "vesa"
[    30.914] (II) Loading /usr/lib/xorg/modules/drivers/vesa_drv.so
[    30.915] (II) Module vesa: vendor="X.Org Foundation"
[    30.915] 	compiled for 1.20.4, module version = 2.4.0
[    30.915] 	Module class: X.Org Video Driver
[    30.915] 	ABI class: X.Org Video Driver, version 24.0
[    30.915] (II) vmware: driver for VMware SVGA: vmware0405, vmware0710
[    30.916] (II) modesetting: Driver for Modesetting Kernel Drivers: kms
[    30.916] (II) FBDEV: driver for framebuffer: fbdev
[    30.916] (II) VESA: driver for VESA chipsets: vesa
[    30.916] xf86EnableIOPorts: failed to set IOPL for I/O (Operation not permitted)
[    30.916] (WW) Falling back to old probe method for modesetting
[    30.917] (WW) Falling back to old probe method for fbdev
[    30.917] (II) Loading sub module "fbdevhw"
[    30.917] (II) LoadModule: "fbdevhw"
[    30.920] (II) Loading /usr/lib/xorg/modules/libfbdevhw.so
[    30.927] (II) Module fbdevhw: vendor="X.Org Foundation"
[    30.928] 	compiled for 1.20.9, module version = 0.0.2
[    30.928] 	ABI class: X.Org Video Driver, version 24.1
[    30.928] (EE) open /dev/fb0: Permission denied
[    30.930] (WW) VGA arbiter: cannot open kernel arbiter, no multi-card support
[    30.930] (II) vmware(0): Creating default Display subsection in Screen section
	"Default Screen Section" for depth/fbbpp 24/32
[    30.930] (--) vmware(0): DRM driver version is 2.18.1
[    30.930] (==) vmware(0): Depth 24, (--) framebuffer bpp 32
[    30.930] (==) vmware(0): RGB weight 888
[    30.931] (==) vmware(0): Default visual is TrueColor
[    30.931] (--) vmware(0): Min width 1, Max Width 8192.
[    30.931] (--) vmware(0): Min height 1, Max Height 8192.
[    30.931] (II) vmware(0): Output Virtual1 has no monitor section
[    30.931] (II) vmware(0): Output Virtual2 has no monitor section
[    30.932] (II) vmware(0): Output Virtual3 has no monitor section
[    30.932] (II) vmware(0): Output Virtual4 has no monitor section
[    30.935] (II) vmware(0): Output Virtual5 has no monitor section
[    30.935] (II) vmware(0): Output Virtual6 has no monitor section
[    30.936] (II) vmware(0): Output Virtual7 has no monitor section
[    30.936] (II) vmware(0): Output Virtual8 has no monitor section
[    30.936] (II) vmware(0): Printing probed modes for output Virtual1
[    30.936] (II) vmware(0): Modeline "800x600"x60.0   42.75  800 850 900 950  600 650 700 750 -hsync +vsync (45.0 kHz eP)
[    30.936] (II) vmware(0): Modeline "2560x1600"x60.0  348.50  2560 2752 3032 3504  1600 1603 1609 1658 -hsync +vsync (99.5 kHz e)
[    30.936] (II) vmware(0): Modeline "2560x1440"x60.0  241.50  2560 2608 2640 2720  1440 1443 1448 1481 +hsync -vsync (88.8 kHz e)
[    30.936] (II) vmware(0): Modeline "1920x1440"x60.0  234.00  1920 2048 2256 2600  1440 1441 1444 1500 -hsync +vsync (90.0 kHz e)
[    30.936] (II) vmware(0): Modeline "1856x1392"x60.0  218.25  1856 1952 2176 2528  1392 1393 1396 1439 -hsync +vsync (86.3 kHz e)
[    30.936] (II) vmware(0): Modeline "1792x1344"x60.0  204.75  1792 1920 2120 2448  1344 1345 1348 1394 -hsync +vsync (83.6 kHz e)
[    30.936] (II) vmware(0): Modeline "1920x1200"x59.9  193.25  1920 2056 2256 2592  1200 1203 1209 1245 -hsync +vsync (74.6 kHz e)
[    30.936] (II) vmware(0): Modeline "1920x1080"x60.0  173.00  1920 2048 2248 2576  1080 1083 1088 1120 -hsync +vsync (67.2 kHz e)
[    30.936] (II) vmware(0): Modeline "1600x1200"x60.0  162.00  1600 1664 1856 2160  1200 1201 1204 1250 +hsync +vsync (75.0 kHz e)
[    30.936] (II) vmware(0): Modeline "1680x1050"x60.0  146.25  1680 1784 1960 2240  1050 1053 1059 1089 -hsync +vsync (65.3 kHz e)
[    30.936] (II) vmware(0): Modeline "1400x1050"x60.0  121.75  1400 1488 1632 1864  1050 1053 1057 1089 -hsync +vsync (65.3 kHz e)
[    30.936] (II) vmware(0): Modeline "1280x1024"x60.0  108.00  1280 1328 1440 1688  1024 1025 1028 1066 +hsync +vsync (64.0 kHz e)
[    30.936] (II) vmware(0): Modeline "1440x900"x59.9  106.50  1440 1520 1672 1904  900 903 909 934 -hsync +vsync (55.9 kHz e)
[    30.936] (II) vmware(0): Modeline "1280x960"x60.0  108.00  1280 1376 1488 1800  960 961 964 1000 +hsync +vsync (60.0 kHz e)
[    30.936] (II) vmware(0): Modeline "1360x768"x60.0   85.50  1360 1424 1536 1792  768 771 777 795 +hsync +vsync (47.7 kHz e)
[    30.936] (II) vmware(0): Modeline "1280x800"x59.8   83.50  1280 1352 1480 1680  800 803 809 831 +hsync -vsync (49.7 kHz e)
[    30.936] (II) vmware(0): Modeline "1152x864"x75.0  108.00  1152 1216 1344 1600  864 865 868 900 +hsync +vsync (67.5 kHz e)
[    30.936] (II) vmware(0): Modeline "1280x768"x59.9   79.50  1280 1344 1472 1664  768 771 778 798 -hsync +vsync (47.8 kHz e)
[    30.936] (II) vmware(0): Modeline "1280x720"x59.9   74.50  1280 1344 1472 1664  720 723 728 748 -hsync +vsync (44.8 kHz e)
[    30.936] (II) vmware(0): Modeline "1024x768"x60.0   65.00  1024 1048 1184 1344  768 771 777 806 -hsync -vsync (48.4 kHz e)
[    30.936] (II) vmware(0): Modeline "800x600"x60.3   40.00  800 840 968 1056  600 601 605 628 +hsync +vsync (37.9 kHz e)
[    30.936] (II) vmware(0): Modeline "640x480"x59.9   25.18  640 656 752 800  480 489 492 525 -hsync -vsync (31.5 kHz e)
[    30.936] (II) vmware(0): EDID for output Virtual2
[    30.936] (II) vmware(0): EDID for output Virtual3
[    30.936] (II) vmware(0): EDID for output Virtual4
[    30.936] (II) vmware(0): EDID for output Virtual5
[    30.936] (II) vmware(0): EDID for output Virtual6
[    30.936] (II) vmware(0): EDID for output Virtual7
[    30.936] (II) vmware(0): EDID for output Virtual8
[    30.936] (II) vmware(0): Output Virtual1 connected
[    30.936] (II) vmware(0): Output Virtual2 disconnected
[    30.936] (II) vmware(0): Output Virtual3 disconnected
[    30.936] (II) vmware(0): Output Virtual4 disconnected
[    30.936] (II) vmware(0): Output Virtual5 disconnected
[    30.936] (II) vmware(0): Output Virtual6 disconnected
[    30.936] (II) vmware(0): Output Virtual7 disconnected
[    30.936] (II) vmware(0): Output Virtual8 disconnected
[    30.936] (II) vmware(0): Using exact sizes for initial modes
[    30.936] (II) vmware(0): Output Virtual1 using initial mode 800x600 +0+0
[    30.936] (==) vmware(0): DPI set to (96, 96)
[    30.936] (==) vmware(0): Using gamma correction (1.0, 1.0, 1.0)
[    30.936] (II) Loading sub module "fb"
[    30.936] (II) LoadModule: "fb"
[    30.936] (II) Loading /usr/lib/xorg/modules/libfb.so
[    30.943] (II) Module fb: vendor="X.Org Foundation"
[    30.943] 	compiled for 1.20.9, module version = 1.0.0
[    30.943] 	ABI class: X.Org ANSI C Emulation, version 0.4
[    30.943] (II) Loading sub module "dri2"
[    30.943] (II) LoadModule: "dri2"
[    30.943] (II) Module "dri2" already built-in
[    30.943] (II) Loading sub module "dri3"
[    30.943] (II) LoadModule: "dri3"
[    30.943] (II) Module "dri3" already built-in
[    30.943] (II) UnloadModule: "modesetting"
[    30.943] (II) Unloading modesetting
[    30.944] (II) UnloadModule: "fbdev"
[    30.944] (II) Unloading fbdev
[    30.944] (II) UnloadSubModule: "fbdevhw"
[    30.944] (II) Unloading fbdevhw
[    30.944] (II) UnloadModule: "vesa"
[    30.944] (II) Unloading vesa
[    30.948] (II) vmware(0): Initialized VMWARE_CTRL extension version 0.2
[    30.973] (WW) vmware(0): Failed to initialize Gallium3D Xa. No render acceleration available.
[    30.973] (WW) vmware(0): Skipped initialization of direct rendering due to lack of render acceleration.
[    30.973] (--) vmware(0): Render acceleration is disabled.
[    30.973] (==) vmware(0): Rendercheck mode is disabled.
[    30.973] (--) vmware(0): Direct rendering (DRI2 3D) is disabled.
[    30.974] (--) vmware(0): Direct rendering (DRI3 3D) is disabled.
[    30.974] (==) vmware(0): Backing store enabled
[    30.974] (==) vmware(0): Silken mouse enabled
[    30.976] (==) vmware(0): DPMS enabled
[    30.976] (II) vmware(0): No 3D acceleration. Not setting up textured video.
[    30.976] (WW) vmware(0): Disabling Xv because no adaptors could be initialized.
[    30.976] (II) Initializing extension Generic Event Extension
[    30.979] (II) Initializing extension SHAPE
[    30.979] (II) Initializing extension MIT-SHM
[    30.982] (II) Initializing extension XInputExtension
[    30.983] (II) Initializing extension XTEST
[    30.984] (II) Initializing extension BIG-REQUESTS
[    30.985] (II) Initializing extension SYNC
[    30.986] (II) Initializing extension XKEYBOARD
[    30.987] (II) Initializing extension XC-MISC
[    30.988] (II) Initializing extension SECURITY
[    30.990] (II) Initializing extension XFIXES
[    30.995] (II) Initializing extension RENDER
[    30.996] (II) Initializing extension RANDR
[    30.997] (II) Initializing extension COMPOSITE
[    31.000] (II) Initializing extension DAMAGE
[    31.001] (II) Initializing extension MIT-SCREEN-SAVER
[    31.001] (II) Initializing extension DOUBLE-BUFFER
[    31.002] (II) Initializing extension RECORD
[    31.005] (II) Initializing extension DPMS
[    31.008] (II) Initializing extension Present
[    31.010] (II) Initializing extension DRI3
[    31.010] (II) Initializing extension X-Resource
[    31.010] (II) Initializing extension XVideo
[    31.012] (II) Initializing extension XVideo-MotionCompensation
[    31.012] (II) Initializing extension SELinux
[    31.012] (II) SELinux: Disabled on system
[    31.014] (II) Initializing extension GLX
[    31.015] (II) AIGLX: Screen 0 is not DRI2 capable
[    31.058] (II) IGLX: Loaded and initialized swrast
[    31.059] (II) GLX: Initialized DRISWRAST GL provider for screen 0
[    31.059] (II) Initializing extension XFree86-VidModeExtension
[    31.063] (II) Initializing extension XFree86-DGA
[    31.064] (II) Initializing extension XFree86-DRI
[    31.065] (II) Initializing extension DRI2
[    31.071] (II) vmware(0): Setting screen physical size to 211 x 158
[    31.388] (II) config/udev: Adding input device Power Button (/dev/input/event0)
[    31.388] (**) Power Button: Applying InputClass "libinput keyboard catchall"
[    31.388] (II) LoadModule: "libinput"
[    31.389] (II) Loading /usr/lib/xorg/modules/input/libinput_drv.so
[    31.391] (II) Module libinput: vendor="X.Org Foundation"
[    31.391] 	compiled for 1.20.4, module version = 0.29.0
[    31.391] 	Module class: X.Org XInput Driver
[    31.391] 	ABI class: X.Org XInput driver, version 24.1
[    31.392] (II) Using input driver 'libinput' for 'Power Button'
[    31.406] (II) systemd-logind: got fd for /dev/input/event0 13:64 fd 20 paused 0
[    31.406] (**) Power Button: always reports core events
[    31.406] (**) Option "Device" "/dev/input/event0"
[    31.406] (**) Option "_source" "server/udev"
[    31.420] (II) event0  - Power Button: is tagged by udev as: Keyboard
[    31.420] (II) event0  - Power Button: device is a keyboard
[    31.421] (II) event0  - Power Button: device removed
[    31.421] (**) Option "config_info" "udev:/sys/devices/LNXSYSTM:00/LNXPWRBN:00/input/input0/event0"
[    31.421] (II) XINPUT: Adding extended input device "Power Button" (type: KEYBOARD, id 6)
[    31.421] (**) Option "xkb_model" "pc105"
[    31.421] (**) Option "xkb_layout" "fr"
[    31.421] (**) Option "xkb_variant" "latin9"
[    31.520] (II) event0  - Power Button: is tagged by udev as: Keyboard
[    31.521] (II) event0  - Power Button: device is a keyboard
[    31.526] (II) config/udev: Adding input device Sleep Button (/dev/input/event1)
[    31.526] (**) Sleep Button: Applying InputClass "libinput keyboard catchall"
[    31.526] (II) Using input driver 'libinput' for 'Sleep Button'
[    31.528] (II) systemd-logind: got fd for /dev/input/event1 13:65 fd 23 paused 0
[    31.528] (**) Sleep Button: always reports core events
[    31.528] (**) Option "Device" "/dev/input/event1"
[    31.528] (**) Option "_source" "server/udev"
[    31.531] (II) event1  - Sleep Button: is tagged by udev as: Keyboard
[    31.534] (II) event1  - Sleep Button: device is a keyboard
[    31.535] (II) event1  - Sleep Button: device removed
[    31.536] (**) Option "config_info" "udev:/sys/devices/LNXSYSTM:00/LNXSLPBN:00/input/input1/event1"
[    31.537] (II) XINPUT: Adding extended input device "Sleep Button" (type: KEYBOARD, id 7)
[    31.537] (**) Option "xkb_model" "pc105"
[    31.537] (**) Option "xkb_layout" "fr"
[    31.537] (**) Option "xkb_variant" "latin9"
[    31.539] (II) event1  - Sleep Button: is tagged by udev as: Keyboard
[    31.539] (II) event1  - Sleep Button: device is a keyboard
[    31.542] (II) config/udev: Adding input device Video Bus (/dev/input/event3)
[    31.542] (**) Video Bus: Applying InputClass "libinput keyboard catchall"
[    31.542] (II) Using input driver 'libinput' for 'Video Bus'
[    31.544] (II) systemd-logind: got fd for /dev/input/event3 13:67 fd 24 paused 0
[    31.544] (**) Video Bus: always reports core events
[    31.544] (**) Option "Device" "/dev/input/event3"
[    31.544] (**) Option "_source" "server/udev"
[    31.549] (II) event3  - Video Bus: is tagged by udev as: Keyboard
[    31.549] (II) event3  - Video Bus: device is a keyboard
[    31.551] (II) event3  - Video Bus: device removed
[    31.551] (**) Option "config_info" "udev:/sys/devices/LNXSYSTM:00/LNXSYBUS:00/PNP0A03:00/LNXVIDEO:00/input/input5/event3"
[    31.551] (II) XINPUT: Adding extended input device "Video Bus" (type: KEYBOARD, id 8)
[    31.551] (**) Option "xkb_model" "pc105"
[    31.551] (**) Option "xkb_layout" "fr"
[    31.551] (**) Option "xkb_variant" "latin9"
[    31.556] (II) event3  - Video Bus: is tagged by udev as: Keyboard
[    31.557] (II) event3  - Video Bus: device is a keyboard
[    31.563] (II) config/udev: Adding input device VirtualBox mouse integration (/dev/input/event5)
[    31.563] (**) VirtualBox mouse integration: Applying InputClass "libinput pointer catchall"
[    31.564] (II) Using input driver 'libinput' for 'VirtualBox mouse integration'
[    31.565] (II) systemd-logind: got fd for /dev/input/event5 13:69 fd 25 paused 0
[    31.565] (**) VirtualBox mouse integration: always reports core events
[    31.565] (**) Option "Device" "/dev/input/event5"
[    31.566] (**) Option "_source" "server/udev"
[    31.568] (II) event5  - VirtualBox mouse integration: is tagged by udev as: Mouse
[    31.569] (II) event5  - VirtualBox mouse integration: device is a pointer
[    31.569] (II) event5  - VirtualBox mouse integration: device removed
[    31.569] (**) Option "config_info" "udev:/sys/devices/pci0000:00/0000:00:04.0/input/input6/event5"
[    31.569] (II) XINPUT: Adding extended input device "VirtualBox mouse integration" (type: MOUSE, id 9)
[    31.571] (**) Option "AccelerationScheme" "none"
[    31.572] (**) VirtualBox mouse integration: (accel) selected scheme none/0
[    31.572] (**) VirtualBox mouse integration: (accel) acceleration factor: 2.000
[    31.572] (**) VirtualBox mouse integration: (accel) acceleration threshold: 4
[    31.574] (II) event5  - VirtualBox mouse integration: is tagged by udev as: Mouse
[    31.575] (II) event5  - VirtualBox mouse integration: device is a pointer
[    31.581] (II) config/udev: Adding input device VirtualBox mouse integration (/dev/input/js0)
[    31.581] (II) No input driver specified, ignoring this device.
[    31.581] (II) This device may have been added with another device file.
[    31.582] (II) config/udev: Adding input device VirtualBox mouse integration (/dev/input/mouse1)
[    31.582] (II) No input driver specified, ignoring this device.
[    31.582] (II) This device may have been added with another device file.
[    31.585] (II) config/udev: Adding input device AT Translated Set 2 keyboard (/dev/input/event2)
[    31.585] (**) AT Translated Set 2 keyboard: Applying InputClass "libinput keyboard catchall"
[    31.585] (II) Using input driver 'libinput' for 'AT Translated Set 2 keyboard'
[    31.587] (II) systemd-logind: got fd for /dev/input/event2 13:66 fd 26 paused 0
[    31.587] (**) AT Translated Set 2 keyboard: always reports core events
[    31.587] (**) Option "Device" "/dev/input/event2"
[    31.587] (**) Option "_source" "server/udev"
[    31.592] (II) event2  - AT Translated Set 2 keyboard: is tagged by udev as: Keyboard
[    31.593] (II) event2  - AT Translated Set 2 keyboard: device is a keyboard
[    31.593] (II) event2  - AT Translated Set 2 keyboard: device removed
[    31.593] (**) Option "config_info" "udev:/sys/devices/platform/i8042/serio0/input/input2/event2"
[    31.594] (II) XINPUT: Adding extended input device "AT Translated Set 2 keyboard" (type: KEYBOARD, id 10)
[    31.594] (**) Option "xkb_model" "pc105"
[    31.594] (**) Option "xkb_layout" "fr"
[    31.594] (**) Option "xkb_variant" "latin9"
[    31.601] (II) event2  - AT Translated Set 2 keyboard: is tagged by udev as: Keyboard
[    31.601] (II) event2  - AT Translated Set 2 keyboard: device is a keyboard
[    31.607] (II) config/udev: Adding input device ImExPS/2 Generic Explorer Mouse (/dev/input/event4)
[    31.607] (**) ImExPS/2 Generic Explorer Mouse: Applying InputClass "libinput pointer catchall"
[    31.607] (II) Using input driver 'libinput' for 'ImExPS/2 Generic Explorer Mouse'
[    31.609] (II) systemd-logind: got fd for /dev/input/event4 13:68 fd 27 paused 0
[    31.609] (**) ImExPS/2 Generic Explorer Mouse: always reports core events
[    31.609] (**) Option "Device" "/dev/input/event4"
[    31.610] (**) Option "_source" "server/udev"
[    31.614] (II) event4  - ImExPS/2 Generic Explorer Mouse: is tagged by udev as: Mouse
[    31.615] (II) event4  - ImExPS/2 Generic Explorer Mouse: device is a pointer
[    31.615] (II) event4  - ImExPS/2 Generic Explorer Mouse: device removed
[    31.615] (**) Option "config_info" "udev:/sys/devices/platform/i8042/serio1/input/input4/event4"
[    31.615] (II) XINPUT: Adding extended input device "ImExPS/2 Generic Explorer Mouse" (type: MOUSE, id 11)
[    31.616] (**) Option "AccelerationScheme" "none"
[    31.616] (**) ImExPS/2 Generic Explorer Mouse: (accel) selected scheme none/0
[    31.616] (**) ImExPS/2 Generic Explorer Mouse: (accel) acceleration factor: 2.000
[    31.616] (**) ImExPS/2 Generic Explorer Mouse: (accel) acceleration threshold: 4
[    31.620] (II) event4  - ImExPS/2 Generic Explorer Mouse: is tagged by udev as: Mouse
[    31.621] (II) event4  - ImExPS/2 Generic Explorer Mouse: device is a pointer
[    31.632] (II) config/udev: Adding input device ImExPS/2 Generic Explorer Mouse (/dev/input/mouse0)
[    31.633] (II) No input driver specified, ignoring this device.
[    31.633] (II) This device may have been added with another device file.
[    33.056] (EE) No surface to present from.
[   597.123] (EE) No surface to present from.
[  4788.734] (EE) client bug: timer event4 debounce: scheduled expiry is in the past (-31ms), your system is too slow
[  4788.761] (EE) client bug: timer event4 debounce short: scheduled expiry is in the past (-74ms), your system is too slow
[ 11645.967] (II) event4  - ImExPS/2 Generic Explorer Mouse: Enabling spurious button debouncing, see https://wayland.freedesktop.org/libinput/doc/1.15.5/button-debouncing.html for details
